[35m[1mScanning dependencies of target Pose_emcl2[0m
[35m[1mScanning dependencies of target Scan_emcl2[0m
[35m[1mScanning dependencies of target ExpResetMcl2_emcl2[0m
[35m[1mScanning dependencies of target actionlib_generate_messages_nodejs[0m
[35m[1mScanning dependencies of target OdomModel_emcl2[0m
[35m[1mScanning dependencies of target Mcl_emcl2[0m
[35m[1mScanning dependencies of target Particle_emcl2[0m
[35m[1mScanning dependencies of target actionlib_generate_messages_py[0m
[35m[1mScanning dependencies of target tf2_msgs_generate_messages_cpp[0m
[35m[1mScanning dependencies of target rosgraph_msgs_generate_messages_cpp[0m
[35m[1mScanning dependencies of target geometry_msgs_generate_messages_cpp[0m
[35m[1mScanning dependencies of target tf2_msgs_generate_messages_py[0m
[35m[1mScanning dependencies of target geometry_msgs_generate_messages_lisp[0m
[35m[1mScanning dependencies of target roscpp_generate_messages_nodejs[0m
[35m[1mScanning dependencies of target std_msgs_generate_messages_eus[0m
[  6%] [32mBuilding CXX object CMakeFiles/Scan_emcl2.dir/src/Scan.cpp.o[0m
[ 12%] [32mBuilding CXX object CMakeFiles/OdomModel_emcl2.dir/src/OdomModel.cpp.o[0m
[ 18%] [32mBuilding CXX object CMakeFiles/ExpResetMcl2_emcl2.dir/src/ExpResetMcl2.cpp.o[0m
[ 25%] [32mBuilding CXX object CMakeFiles/Pose_emcl2.dir/src/Pose.cpp.o[0m
[ 31%] [32mBuilding CXX object CMakeFiles/Particle_emcl2.dir/src/Particle.cpp.o[0m
[ 31%] Built target tf2_msgs_generate_messages_cpp
[ 31%] Built target actionlib_generate_messages_py
[ 31%] Built target rosgraph_msgs_generate_messages_cpp
[ 31%] Built target actionlib_generate_messages_nodejs
[ 31%] Built target tf2_msgs_generate_messages_py
[ 31%] Built target geometry_msgs_generate_messages_lisp
[ 31%] Built target roscpp_generate_messages_nodejs
[ 37%] [32mBuilding CXX object CMakeFiles/Mcl_emcl2.dir/src/Mcl.cpp.o[0m
[ 37%] Built target geometry_msgs_generate_messages_cpp
[35m[1mScanning dependencies of target roscpp_generate_messages_cpp[0m
[ 37%] Built target std_msgs_generate_messages_eus
[35m[1mScanning dependencies of target geometry_msgs_generate_messages_nodejs[0m
[35m[1mScanning dependencies of target tf2_msgs_generate_messages_lisp[0m
[ 37%] Built target roscpp_generate_messages_cpp
[ 37%] Built target geometry_msgs_generate_messages_nodejs
[35m[1mScanning dependencies of target geometry_msgs_generate_messages_py[0m
[35m[1mScanning dependencies of target actionlib_msgs_generate_messages_nodejs[0m
[35m[1mScanning dependencies of target roscpp_generate_messages_py[0m
[35m[1mScanning dependencies of target actionlib_generate_messages_eus[0m
[35m[1mScanning dependencies of target actionlib_msgs_generate_messages_lisp[0m
[ 37%] Built target tf2_msgs_generate_messages_lisp
[35m[1mScanning dependencies of target actionlib_msgs_generate_messages_cpp[0m
[ 37%] Built target geometry_msgs_generate_messages_py
[ 37%] Built target roscpp_generate_messages_py
[ 37%] Built target actionlib_msgs_generate_messages_nodejs
[ 37%] Built target actionlib_msgs_generate_messages_lisp
[ 37%] Built target actionlib_msgs_generate_messages_cpp
[ 37%] Built target actionlib_generate_messages_eus
[35m[1mScanning dependencies of target rosgraph_msgs_generate_messages_eus[0m
[35m[1mScanning dependencies of target rosgraph_msgs_generate_messages_py[0m
[35m[1mScanning dependencies of target rosgraph_msgs_generate_messages_lisp[0m
[35m[1mScanning dependencies of target actionlib_msgs_generate_messages_eus[0m
[35m[1mScanning dependencies of target std_msgs_generate_messages_lisp[0m
[35m[1mScanning dependencies of target LikelihoodFieldMap_emcl2[0m
[35m[1mScanning dependencies of target actionlib_generate_messages_lisp[0m
[ 37%] Built target rosgraph_msgs_generate_messages_eus
[ 37%] Built target rosgraph_msgs_generate_messages_py
[ 37%] Built target actionlib_msgs_generate_messages_eus
[35m[1mScanning dependencies of target roscpp_generate_messages_lisp[0m
[ 37%] Built target rosgraph_msgs_generate_messages_lisp
[ 43%] Built target std_msgs_generate_messages_lisp
[ 43%] [32mBuilding CXX object CMakeFiles/LikelihoodFieldMap_emcl2.dir/src/LikelihoodFieldMap.cpp.o[0m
[35m[1mScanning dependencies of target roscpp_generate_messages_eus[0m
[35m[1mScanning dependencies of target tf2_msgs_generate_messages_nodejs[0m
[35m[1mScanning dependencies of target tf2_msgs_generate_messages_eus[0m
[ 43%] Built target actionlib_generate_messages_lisp
[35m[1mScanning dependencies of target actionlib_generate_messages_cpp[0m
[35m[1mScanning dependencies of target actionlib_msgs_generate_messages_py[0m
[35m[1mScanning dependencies of target rosgraph_msgs_generate_messages_nodejs[0m
[ 43%] Built target roscpp_generate_messages_eus
[ 43%] Built target roscpp_generate_messages_lisp
[ 43%] Built target tf2_msgs_generate_messages_eus
[ 43%] Built target tf2_msgs_generate_messages_nodejs
[ 43%] Built target actionlib_generate_messages_cpp
[35m[1mScanning dependencies of target std_msgs_generate_messages_nodejs[0m
[ 43%] Built target actionlib_msgs_generate_messages_py
[35m[1mScanning dependencies of target std_msgs_generate_messages_py[0m
[ 43%] Built target rosgraph_msgs_generate_messages_nodejs
[35m[1mScanning dependencies of target geometry_msgs_generate_messages_eus[0m
[ 43%] Built target std_msgs_generate_messages_nodejs
[35m[1mScanning dependencies of target std_msgs_generate_messages_cpp[0m
[ 43%] Built target std_msgs_generate_messages_py
[ 43%] Built target geometry_msgs_generate_messages_eus
[ 43%] Built target std_msgs_generate_messages_cpp
[ 50%] [32m[1mLinking CXX shared library /home/shota/catkin_ws/devel/.private/emcl2/lib/libPose_emcl2.so[0m
[ 56%] [32m[1mLinking CXX shared library /home/shota/catkin_ws/devel/.private/emcl2/lib/libScan_emcl2.so[0m
[ 56%] Built target Pose_emcl2
[ 56%] Built target Scan_emcl2
[ 62%] [32m[1mLinking CXX shared library /home/shota/catkin_ws/devel/.private/emcl2/lib/libParticle_emcl2.so[0m
[ 62%] Built target Particle_emcl2
[ 68%] [32m[1mLinking CXX shared library /home/shota/catkin_ws/devel/.private/emcl2/lib/libLikelihoodFieldMap_emcl2.so[0m
[ 68%] Built target LikelihoodFieldMap_emcl2
[ 75%] [32m[1mLinking CXX shared library /home/shota/catkin_ws/devel/.private/emcl2/lib/libOdomModel_emcl2.so[0m
[ 81%] [32m[1mLinking CXX shared library /home/shota/catkin_ws/devel/.private/emcl2/lib/libExpResetMcl2_emcl2.so[0m
[ 81%] Built target OdomModel_emcl2
[ 81%] Built target ExpResetMcl2_emcl2
[ 87%] [32m[1mLinking CXX shared library /home/shota/catkin_ws/devel/.private/emcl2/lib/libMcl_emcl2.so[0m
[ 87%] Built target Mcl_emcl2
[35m[1mScanning dependencies of target emcl2_node[0m
[ 93%] [32mBuilding CXX object CMakeFiles/emcl2_node.dir/src/emcl2_node.cpp.o[0m
[100%] [32m[1mLinking CXX executable /home/shota/catkin_ws/devel/.private/emcl2/lib/emcl2/emcl2_node[0m
[100%] Built target emcl2_node
