Symlinking /home/shota/catkin_ws/devel/include/wit_node/ImuGpsRaw.h
Symlinking /home/shota/catkin_ws/devel/lib/libwit_driver.so
Symlinking /home/shota/catkin_ws/devel/lib/libwit_nodelet.so
Symlinking /home/shota/catkin_ws/devel/lib/libwit_ros.so
Symlinking /home/shota/catkin_ws/devel/lib/wit_node/initialization
Symlinking /home/shota/catkin_ws/devel/lib/pkgconfig/wit_node.pc
Symlinking /home/shota/catkin_ws/devel/lib/python3/dist-packages/wit_node/__init__.py
Symlinking /home/shota/catkin_ws/devel/lib/python3/dist-packages/wit_node/msg/_ImuGpsRaw.py
Symlinking /home/shota/catkin_ws/devel/lib/python3/dist-packages/wit_node/msg/__init__.py
Symlinking /home/shota/catkin_ws/devel/share/common-lisp/ros/wit_node/msg/_package.lisp
Symlinking /home/shota/catkin_ws/devel/share/common-lisp/ros/wit_node/msg/_package_ImuGpsRaw.lisp
Symlinking /home/shota/catkin_ws/devel/share/common-lisp/ros/wit_node/msg/wit_node-msg.asd
Symlinking /home/shota/catkin_ws/devel/share/common-lisp/ros/wit_node/msg/ImuGpsRaw.lisp
Symlinking /home/shota/catkin_ws/devel/share/wit_node/cmake/wit_node-msg-extras.cmake
Symlinking /home/shota/catkin_ws/devel/share/wit_node/cmake/wit_nodeConfig-version.cmake
Symlinking /home/shota/catkin_ws/devel/share/wit_node/cmake/wit_nodeConfig.cmake
Symlinking /home/shota/catkin_ws/devel/share/wit_node/cmake/wit_node-msg-paths.cmake
Symlinking /home/shota/catkin_ws/devel/share/roseus/ros/wit_node/manifest.l
Symlinking /home/shota/catkin_ws/devel/share/roseus/ros/wit_node/msg/ImuGpsRaw.l
Symlinking /home/shota/catkin_ws/devel/share/gennodejs/ros/wit_node/_index.js
Symlinking /home/shota/catkin_ws/devel/share/gennodejs/ros/wit_node/msg/_index.js
Symlinking /home/shota/catkin_ws/devel/share/gennodejs/ros/wit_node/msg/ImuGpsRaw.js
